Content-Type: multipart/alternative;
 boundary="===============1574156187262702688=="
MIME-Version: 1.0
Subject: Profile activation
From: test@example.com
To: nguyenvanquang247@gmail.com
Date: Wed, 05 Jul 2023 06:25:14 -0000
Message-ID: <168853831427.676300.11019578251953950744@ET-DT-FSB7YT3.niteco.se>

--===============1574156187262702688==
Content-Type: text/plain; charset="utf-8"
MIME-Version: 1.0
Content-Transfer-Encoding: 7bit



To activate your profile, please follow this link:

http://127.0.0.1:8000/accounts/activate/rYCqx5VwQ4LG2VxDIVD4/

--===============1574156187262702688==
Content-Type: text/html; charset="utf-8"
MIME-Version: 1.0
Content-Transfer-Encoding: 7bit



<!DOCTYPE html PUBLIC "-//W3C//DTD XHTML 1.0 Transitional//EN"
        "http://www.w3.org/TR/xhtml1/DTD/xhtml1-transitional.dtd">
<html xmlns="http://www.w3.org/1999/xhtml">
<head>
    <meta http-equiv="Content-Type" content="text/html; charset=UTF-8"/>
    <title>Profile activation</title>
    <meta name="viewport" content="width=device-width, initial-scale=1.0"/>
</head>

<body>

<p>
    To activate your profile, please follow this link:
</p>

<p>
    <a href="http://127.0.0.1:8000/accounts/activate/rYCqx5VwQ4LG2VxDIVD4/">http://127.0.0.1:8000/accounts/activate/rYCqx5VwQ4LG2VxDIVD4/</a>
</p>

</body>

</html>

--===============1574156187262702688==--

-------------------------------------------------------------------------------
